


ARM Macro Assembler    Page 1 


    1 00000000         ;     Copyright (c) 2022, Nations Technologies Inc.
    2 00000000         ; 
    3 00000000         ;     All rights reserved.
    4 00000000         ;
    5 00000000         ;     This software is the exclusive property of Nations
                        Technologies Inc. (Hereinafter 
    6 00000000         ; referred to as NATIONS). This software, and the produc
                       t of NATIONS described herein 
    7 00000000         ; (Hereinafter referred to as the Product) are owned by 
                       NATIONS under the laws and treaties
    8 00000000         ; of the People's Republic of China and other applicable
                        jurisdictions worldwide.
    9 00000000         ;
   10 00000000         ;     NATIONS does not grant any license under its paten
                       ts, copyrights, trademarks, or other 
   11 00000000         ; intellectual property rights. Names and brands of thir
                       d party may be mentioned or referred 
   12 00000000         ; thereto (if any) for identification purposes only.
   13 00000000         ;
   14 00000000         ;     NATIONS reserves the right to make changes, correc
                       tions, enhancements, modifications, and 
   15 00000000         ; improvements to this software at any time without noti
                       ce. Please contact NATIONS and obtain 
   16 00000000         ; the latest version of this software before placing ord
                       ers.
   17 00000000         
   18 00000000         ;     Although NATIONS has attempted to provide accurate
                        and reliable information, NATIONS assumes 
   19 00000000         ; no responsibility for the accuracy and reliability of 
                       this software.
   20 00000000         ; 
   21 00000000         ;     It is the responsibility of the user of this softw
                       are to properly design, program, and test 
   22 00000000         ; the functionality and safety of any application made o
                       f this information and any resulting product. 
   23 00000000         ; In no event shall NATIONS be liable for any direct, in
                       direct, incidental, special,exemplary, or 
   24 00000000         ; consequential damages arising in any way out of the us
                       e of this software or the Product.
   25 00000000         ;
   26 00000000         ;     NATIONS Products are neither intended nor warrante
                       d for usage in systems or equipment, any
   27 00000000         ; malfunction or failure of which may cause loss of huma
                       n life, bodily injury or severe property 
   28 00000000         ; damage. Such applications are deemed, "Insecure Usage"
                       .
   29 00000000         ;
   30 00000000         ;     All Insecure Usage shall be made at user's risk. U
                       ser shall indemnify NATIONS and hold NATIONS 
   31 00000000         ; harmless from and against all claims, costs, damages, 
                       and other liabilities, arising from or related 
   32 00000000         ; to any customer's Insecure Usage.
   33 00000000         
   34 00000000         ;     Any express or implied warranty with regard to thi
                       s software or the Product, including,but not 
   35 00000000         ; limited to, the warranties of merchantability, fitness
                        for a particular purpose and non-infringement
   36 00000000         ; are disclaimed to the fullest extent permitted by law.
                       



ARM Macro Assembler    Page 2 


   37 00000000         
   38 00000000         ;     Unless otherwise explicitly permitted by NATIONS, 
                       anyone may not duplicate, modify, transcribe
   39 00000000         ; or otherwise distribute this software for any purposes
                       , in whole or in part.
   40 00000000         ;
   41 00000000         ;     NATIONS products and technologies shall not be use
                       d for or incorporated into any products or systems
   42 00000000         ; whose manufacture, use, or sale is prohibited under an
                       y applicable domestic or foreign laws or regulations. 
   43 00000000         ; User shall comply with any applicable export control l
                       aws and regulations promulgated and administered by 
   44 00000000         ; the governments of any countries asserting jurisdictio
                       n over the parties or transactions.
   45 00000000         
   46 00000000         ; Amount of memory (in bytes) allocated for Stack
   47 00000000         ; Tailor this value to your application needs
   48 00000000         ; <h> Stack Configuration
   49 00000000         ;   <o> Stack Size (in Bytes) <0x0-0xFFFFFFFF:8>
   50 00000000         ; </h>
   51 00000000         
   52 00000000 00000400 
                       Stack_Size
                               EQU              0x00000400
   53 00000000         
   54 00000000                 AREA             STACK, NOINIT, READWRITE, ALIGN
=3
   55 00000000         Stack_Mem
                               SPACE            Stack_Size
   56 00000400         __initial_sp
   57 00000400         
   58 00000400         ; <h> Heap Configuration
   59 00000400         ;   <o>  Heap Size (in Bytes) <0x0-0xFFFFFFFF:8>
   60 00000400         ; </h>
   61 00000400         
   62 00000400 00000200 
                       Heap_Size
                               EQU              0x00000200
   63 00000400         
   64 00000400                 AREA             HEAP, NOINIT, READWRITE, ALIGN=
3
   65 00000000         __heap_base
   66 00000000         Heap_Mem
                               SPACE            Heap_Size
   67 00000200         __heap_limit
   68 00000200         
   69 00000200                 PRESERVE8
   70 00000200                 THUMB
   71 00000200         
   72 00000200         
   73 00000200         ; Vector Table Mapped to Address 0 at Reset
   74 00000200                 AREA             RESET, DATA, READONLY
   75 00000000                 EXPORT           __Vectors
   76 00000000                 EXPORT           __Vectors_End
   77 00000000                 EXPORT           __Vectors_Size
   78 00000000         
   79 00000000 00000000 
                       __Vectors
                               DCD              __initial_sp ; Top of Stack



ARM Macro Assembler    Page 3 


   80 00000004 00000000        DCD              Reset_Handler ; Reset Handler
   81 00000008 00000000        DCD              NMI_Handler ; NMI Handler
   82 0000000C 00000000        DCD              HardFault_Handler ; Hard Fault 
                                                            Handler
   83 00000010 00000000        DCD              0           ; Reserved
   84 00000014 00000000        DCD              0           ; Reserved
   85 00000018 00000000        DCD              0           ; Reserved
   86 0000001C 00000000        DCD              0           ; Reserved
   87 00000020 00000000        DCD              0           ; Reserved
   88 00000024 00000000        DCD              0           ; Reserved
   89 00000028 00000000        DCD              0           ; Reserved
   90 0000002C 00000000        DCD              SVC_Handler ; SVCall Handler
   91 00000030 00000000        DCD              0           ; Reserved
   92 00000034 00000000        DCD              0           ; Reserved
   93 00000038 00000000        DCD              PendSV_Handler ; PendSV Handler
                                                            
   94 0000003C 00000000        DCD              SysTick_Handler 
                                                            ; SysTick Handler
   95 00000040         
   96 00000040         ; External Interrupts
   97 00000040 00000000        DCD              PVD_IRQHandler ; PVD through EX
                                                            TI Line 18 detect
   98 00000044 00000000        DCD              FLASH_IRQHandler ; Flash
   99 00000048 00000000        DCD              EXTI0_1_IRQHandler 
                                                            ; EXTI Line 0.1
  100 0000004C 00000000        DCD              EXTI2_3_IRQHandler 
                                                            ; EXTI Line 2.3
  101 00000050 00000000        DCD              EXTI4_17_IRQHandler 
                                                            ; EXTI Line 4..17
  102 00000054 00000000        DCD              TIM1_BRK_UP_TRG_COM_IRQHandler 
                                                            ; TIM1 Break/Update
                                                            /Trigger and Commut
                                                            ation
  103 00000058 00000000        DCD              TIM1_CC_IRQHandler ; TIM1 Captu
                                                            re Compare
  104 0000005C 00000000        DCD              TIM3_IRQHandler ; TIM3
  105 00000060 00000000        DCD              TIM6_IRQHandler ; TIM6
  106 00000064 00000000        DCD              ADC_IRQHandler ; ADC
  107 00000068 00000000        DCD              I2C_EV_IRQHandler ; I2C event
  108 0000006C 00000000        DCD              I2C_ER_IRQHandler ; I2C error
  109 00000070 00000000        DCD              SPI_IRQHandler ; SPI
  110 00000074 00000000        DCD              UART1_IRQHandler ; UART1
  111 00000078 00000000        DCD              UART2_IRQHandler ; UART2
  112 0000007C 00000000        DCD              COMP_IRQHandler ; COMP
  113 00000080         __Vectors_End
  114 00000080         
  115 00000080 00000080 
                       __Vectors_Size
                               EQU              __Vectors_End - __Vectors
  116 00000080         
  117 00000080                 AREA             |.text|, CODE, READONLY
  118 00000000         
  119 00000000         ; Reset handler
  120 00000000         Reset_Handler
                               PROC
  121 00000000                 EXPORT           Reset_Handler             [WEAK
]
  122 00000000                 IMPORT           __main
  123 00000000                 IMPORT           System_Initializes



ARM Macro Assembler    Page 4 


  124 00000000 4804            LDR              R0, =System_Initializes
  125 00000002 4780            BLX              R0
  126 00000004 4804            LDR              R0, =__main
  127 00000006 4700            BX               R0
  128 00000008                 ENDP
  129 00000008         
  130 00000008         ; Dummy Exception Handlers (infinite loops which can be 
                       modified)
  131 00000008         
  132 00000008         NMI_Handler
                               PROC
  133 00000008                 EXPORT           NMI_Handler                [WEA
K]
  134 00000008 E7FE            B                .
  135 0000000A                 ENDP
  137 0000000A         HardFault_Handler
                               PROC
  138 0000000A                 EXPORT           HardFault_Handler          [WEA
K]
  139 0000000A E7FE            B                .
  140 0000000C                 ENDP
  141 0000000C         SVC_Handler
                               PROC
  142 0000000C                 EXPORT           SVC_Handler                [WEA
K]
  143 0000000C E7FE            B                .
  144 0000000E                 ENDP
  145 0000000E         PendSV_Handler
                               PROC
  146 0000000E                 EXPORT           PendSV_Handler             [WEA
K]
  147 0000000E E7FE            B                .
  148 00000010                 ENDP
  149 00000010         SysTick_Handler
                               PROC
  150 00000010                 EXPORT           SysTick_Handler            [WEA
K]
  151 00000010 E7FE            B                .
  152 00000012                 ENDP
  153 00000012         
  154 00000012         Default_Handler
                               PROC
  155 00000012         
  156 00000012                 EXPORT           PVD_IRQHandler             [WEA
K]
  157 00000012                 EXPORT           FLASH_IRQHandler           [WEA
K]
  158 00000012                 EXPORT           EXTI0_1_IRQHandler         [WEA
K]
  159 00000012                 EXPORT           EXTI2_3_IRQHandler         [WEA
K]
  160 00000012                 EXPORT           EXTI4_17_IRQHandler        [WEA
K]
  161 00000012                 EXPORT           TIM1_BRK_UP_TRG_COM_IRQHandler 
[WEAK]
  162 00000012                 EXPORT           TIM1_CC_IRQHandler         [WEA
K]
  163 00000012                 EXPORT           TIM3_IRQHandler            [WEA
K]



ARM Macro Assembler    Page 5 


  164 00000012                 EXPORT           TIM6_IRQHandler            [WEA
K]
  165 00000012                 EXPORT           ADC_IRQHandler             [WEA
K]
  166 00000012                 EXPORT           I2C_EV_IRQHandler          [WEA
K]
  167 00000012                 EXPORT           I2C_ER_IRQHandler          [WEA
K]
  168 00000012                 EXPORT           SPI_IRQHandler             [WEA
K]
  169 00000012                 EXPORT           UART1_IRQHandler           [WEA
K]
  170 00000012                 EXPORT           UART2_IRQHandler           [WEA
K]
  171 00000012                 EXPORT           COMP_IRQHandler            [WEA
K]
  172 00000012         
  173 00000012         PVD_IRQHandler
  174 00000012         FLASH_IRQHandler
  175 00000012         EXTI0_1_IRQHandler
  176 00000012         EXTI2_3_IRQHandler
  177 00000012         EXTI4_17_IRQHandler
  178 00000012         TIM1_BRK_UP_TRG_COM_IRQHandler
  179 00000012         TIM1_CC_IRQHandler
  180 00000012         TIM3_IRQHandler
  181 00000012         TIM6_IRQHandler
  182 00000012         ADC_IRQHandler
  183 00000012         I2C_EV_IRQHandler
  184 00000012         I2C_ER_IRQHandler
  185 00000012         SPI_IRQHandler
  186 00000012         UART1_IRQHandler
  187 00000012         UART2_IRQHandler
  188 00000012         COMP_IRQHandler
  189 00000012 E7FE            B                .
  190 00000014         
  191 00000014                 ENDP
  192 00000014         
  193 00000014                 ALIGN
  194 00000014         
  195 00000014         ;*******************************************************
                       ************************
  196 00000014         ; User Stack and Heap initialization
  197 00000014         ;*******************************************************
                       ************************
  198 00000014                 IF               :DEF:__MICROLIB
  199 00000014         
  200 00000014                 EXPORT           __initial_sp
  201 00000014                 EXPORT           __heap_base
  202 00000014                 EXPORT           __heap_limit
  203 00000014         
  204 00000014                 ELSE
  219                          ENDIF
  220 00000014         
  221 00000014                 END
              00000000 
              00000000 
Command Line: --debug --xref --diag_suppress=9931 --cpu=Cortex-M0 --apcs=interw
ork --depend=.\objects\startup_n32g003.d -o.\objects\startup_n32g003.o -ID:\Kei
l_v5\Packs\Nations\N32G003_DFP\1.0.0\firmware\CMSIS\device --predefine="__MICRO



ARM Macro Assembler    Page 6 


LIB SETA 1" --predefine="__UVISION_VERSION SETA 539" --predefine="N32G003 SETA 
1" --predefine="USE_STDPERIPH_DRIVER SETA 1" --list=.\listings\startup_n32g003.
lst CMSIS\device\startup\startup_n32g003.s



ARM Macro Assembler    Page 1 Alphabetic symbol ordering
Relocatable symbols

STACK 00000000

Symbol: STACK
   Definitions
      At line 54 in file CMSIS\device\startup\startup_n32g003.s
   Uses
      None
Comment: STACK unused
Stack_Mem 00000000

Symbol: Stack_Mem
   Definitions
      At line 55 in file CMSIS\device\startup\startup_n32g003.s
   Uses
      None
Comment: Stack_Mem unused
__initial_sp 00000400

Symbol: __initial_sp
   Definitions
      At line 56 in file CMSIS\device\startup\startup_n32g003.s
   Uses
      At line 79 in file CMSIS\device\startup\startup_n32g003.s
      At line 200 in file CMSIS\device\startup\startup_n32g003.s

3 symbols



ARM Macro Assembler    Page 1 Alphabetic symbol ordering
Relocatable symbols

HEAP 00000000

Symbol: HEAP
   Definitions
      At line 64 in file CMSIS\device\startup\startup_n32g003.s
   Uses
      None
Comment: HEAP unused
Heap_Mem 00000000

Symbol: Heap_Mem
   Definitions
      At line 66 in file CMSIS\device\startup\startup_n32g003.s
   Uses
      None
Comment: Heap_Mem unused
__heap_base 00000000

Symbol: __heap_base
   Definitions
      At line 65 in file CMSIS\device\startup\startup_n32g003.s
   Uses
      At line 201 in file CMSIS\device\startup\startup_n32g003.s
Comment: __heap_base used once
__heap_limit 00000200

Symbol: __heap_limit
   Definitions
      At line 67 in file CMSIS\device\startup\startup_n32g003.s
   Uses
      At line 202 in file CMSIS\device\startup\startup_n32g003.s
Comment: __heap_limit used once
4 symbols



ARM Macro Assembler    Page 1 Alphabetic symbol ordering
Relocatable symbols

RESET 00000000

Symbol: RESET
   Definitions
      At line 74 in file CMSIS\device\startup\startup_n32g003.s
   Uses
      None
Comment: RESET unused
__Vectors 00000000

Symbol: __Vectors
   Definitions
      At line 79 in file CMSIS\device\startup\startup_n32g003.s
   Uses
      At line 75 in file CMSIS\device\startup\startup_n32g003.s
      At line 115 in file CMSIS\device\startup\startup_n32g003.s

__Vectors_End 00000080

Symbol: __Vectors_End
   Definitions
      At line 113 in file CMSIS\device\startup\startup_n32g003.s
   Uses
      At line 76 in file CMSIS\device\startup\startup_n32g003.s
      At line 115 in file CMSIS\device\startup\startup_n32g003.s

3 symbols



ARM Macro Assembler    Page 1 Alphabetic symbol ordering
Relocatable symbols

.text 00000000

Symbol: .text
   Definitions
      At line 117 in file CMSIS\device\startup\startup_n32g003.s
   Uses
      None
Comment: .text unused
ADC_IRQHandler 00000012

Symbol: ADC_IRQHandler
   Definitions
      At line 182 in file CMSIS\device\startup\startup_n32g003.s
   Uses
      At line 106 in file CMSIS\device\startup\startup_n32g003.s
      At line 165 in file CMSIS\device\startup\startup_n32g003.s

COMP_IRQHandler 00000012

Symbol: COMP_IRQHandler
   Definitions
      At line 188 in file CMSIS\device\startup\startup_n32g003.s
   Uses
      At line 112 in file CMSIS\device\startup\startup_n32g003.s
      At line 171 in file CMSIS\device\startup\startup_n32g003.s

Default_Handler 00000012

Symbol: Default_Handler
   Definitions
      At line 154 in file CMSIS\device\startup\startup_n32g003.s
   Uses
      None
Comment: Default_Handler unused
EXTI0_1_IRQHandler 00000012

Symbol: EXTI0_1_IRQHandler
   Definitions
      At line 175 in file CMSIS\device\startup\startup_n32g003.s
   Uses
      At line 99 in file CMSIS\device\startup\startup_n32g003.s
      At line 158 in file CMSIS\device\startup\startup_n32g003.s

EXTI2_3_IRQHandler 00000012

Symbol: EXTI2_3_IRQHandler
   Definitions
      At line 176 in file CMSIS\device\startup\startup_n32g003.s
   Uses
      At line 100 in file CMSIS\device\startup\startup_n32g003.s
      At line 159 in file CMSIS\device\startup\startup_n32g003.s

EXTI4_17_IRQHandler 00000012

Symbol: EXTI4_17_IRQHandler
   Definitions
      At line 177 in file CMSIS\device\startup\startup_n32g003.s
   Uses
      At line 101 in file CMSIS\device\startup\startup_n32g003.s



ARM Macro Assembler    Page 2 Alphabetic symbol ordering
Relocatable symbols

      At line 160 in file CMSIS\device\startup\startup_n32g003.s

FLASH_IRQHandler 00000012

Symbol: FLASH_IRQHandler
   Definitions
      At line 174 in file CMSIS\device\startup\startup_n32g003.s
   Uses
      At line 98 in file CMSIS\device\startup\startup_n32g003.s
      At line 157 in file CMSIS\device\startup\startup_n32g003.s

HardFault_Handler 0000000A

Symbol: HardFault_Handler
   Definitions
      At line 137 in file CMSIS\device\startup\startup_n32g003.s
   Uses
      At line 82 in file CMSIS\device\startup\startup_n32g003.s
      At line 138 in file CMSIS\device\startup\startup_n32g003.s

I2C_ER_IRQHandler 00000012

Symbol: I2C_ER_IRQHandler
   Definitions
      At line 184 in file CMSIS\device\startup\startup_n32g003.s
   Uses
      At line 108 in file CMSIS\device\startup\startup_n32g003.s
      At line 167 in file CMSIS\device\startup\startup_n32g003.s

I2C_EV_IRQHandler 00000012

Symbol: I2C_EV_IRQHandler
   Definitions
      At line 183 in file CMSIS\device\startup\startup_n32g003.s
   Uses
      At line 107 in file CMSIS\device\startup\startup_n32g003.s
      At line 166 in file CMSIS\device\startup\startup_n32g003.s

NMI_Handler 00000008

Symbol: NMI_Handler
   Definitions
      At line 132 in file CMSIS\device\startup\startup_n32g003.s
   Uses
      At line 81 in file CMSIS\device\startup\startup_n32g003.s
      At line 133 in file CMSIS\device\startup\startup_n32g003.s

PVD_IRQHandler 00000012

Symbol: PVD_IRQHandler
   Definitions
      At line 173 in file CMSIS\device\startup\startup_n32g003.s
   Uses
      At line 97 in file CMSIS\device\startup\startup_n32g003.s
      At line 156 in file CMSIS\device\startup\startup_n32g003.s

PendSV_Handler 0000000E

Symbol: PendSV_Handler



ARM Macro Assembler    Page 3 Alphabetic symbol ordering
Relocatable symbols

   Definitions
      At line 145 in file CMSIS\device\startup\startup_n32g003.s
   Uses
      At line 93 in file CMSIS\device\startup\startup_n32g003.s
      At line 146 in file CMSIS\device\startup\startup_n32g003.s

Reset_Handler 00000000

Symbol: Reset_Handler
   Definitions
      At line 120 in file CMSIS\device\startup\startup_n32g003.s
   Uses
      At line 80 in file CMSIS\device\startup\startup_n32g003.s
      At line 121 in file CMSIS\device\startup\startup_n32g003.s

SPI_IRQHandler 00000012

Symbol: SPI_IRQHandler
   Definitions
      At line 185 in file CMSIS\device\startup\startup_n32g003.s
   Uses
      At line 109 in file CMSIS\device\startup\startup_n32g003.s
      At line 168 in file CMSIS\device\startup\startup_n32g003.s

SVC_Handler 0000000C

Symbol: SVC_Handler
   Definitions
      At line 141 in file CMSIS\device\startup\startup_n32g003.s
   Uses
      At line 90 in file CMSIS\device\startup\startup_n32g003.s
      At line 142 in file CMSIS\device\startup\startup_n32g003.s

SysTick_Handler 00000010

Symbol: SysTick_Handler
   Definitions
      At line 149 in file CMSIS\device\startup\startup_n32g003.s
   Uses
      At line 94 in file CMSIS\device\startup\startup_n32g003.s
      At line 150 in file CMSIS\device\startup\startup_n32g003.s

TIM1_BRK_UP_TRG_COM_IRQHandler 00000012

Symbol: TIM1_BRK_UP_TRG_COM_IRQHandler
   Definitions
      At line 178 in file CMSIS\device\startup\startup_n32g003.s
   Uses
      At line 102 in file CMSIS\device\startup\startup_n32g003.s
      At line 161 in file CMSIS\device\startup\startup_n32g003.s

TIM1_CC_IRQHandler 00000012

Symbol: TIM1_CC_IRQHandler
   Definitions
      At line 179 in file CMSIS\device\startup\startup_n32g003.s
   Uses
      At line 103 in file CMSIS\device\startup\startup_n32g003.s
      At line 162 in file CMSIS\device\startup\startup_n32g003.s



ARM Macro Assembler    Page 4 Alphabetic symbol ordering
Relocatable symbols


TIM3_IRQHandler 00000012

Symbol: TIM3_IRQHandler
   Definitions
      At line 180 in file CMSIS\device\startup\startup_n32g003.s
   Uses
      At line 104 in file CMSIS\device\startup\startup_n32g003.s
      At line 163 in file CMSIS\device\startup\startup_n32g003.s

TIM6_IRQHandler 00000012

Symbol: TIM6_IRQHandler
   Definitions
      At line 181 in file CMSIS\device\startup\startup_n32g003.s
   Uses
      At line 105 in file CMSIS\device\startup\startup_n32g003.s
      At line 164 in file CMSIS\device\startup\startup_n32g003.s

UART1_IRQHandler 00000012

Symbol: UART1_IRQHandler
   Definitions
      At line 186 in file CMSIS\device\startup\startup_n32g003.s
   Uses
      At line 110 in file CMSIS\device\startup\startup_n32g003.s
      At line 169 in file CMSIS\device\startup\startup_n32g003.s

UART2_IRQHandler 00000012

Symbol: UART2_IRQHandler
   Definitions
      At line 187 in file CMSIS\device\startup\startup_n32g003.s
   Uses
      At line 111 in file CMSIS\device\startup\startup_n32g003.s
      At line 170 in file CMSIS\device\startup\startup_n32g003.s

24 symbols



ARM Macro Assembler    Page 1 Alphabetic symbol ordering
Absolute symbols

Heap_Size 00000200

Symbol: Heap_Size
   Definitions
      At line 62 in file CMSIS\device\startup\startup_n32g003.s
   Uses
      At line 66 in file CMSIS\device\startup\startup_n32g003.s
Comment: Heap_Size used once
Stack_Size 00000400

Symbol: Stack_Size
   Definitions
      At line 52 in file CMSIS\device\startup\startup_n32g003.s
   Uses
      At line 55 in file CMSIS\device\startup\startup_n32g003.s
Comment: Stack_Size used once
__Vectors_Size 00000080

Symbol: __Vectors_Size
   Definitions
      At line 115 in file CMSIS\device\startup\startup_n32g003.s
   Uses
      At line 77 in file CMSIS\device\startup\startup_n32g003.s
Comment: __Vectors_Size used once
3 symbols



ARM Macro Assembler    Page 1 Alphabetic symbol ordering
External symbols

System_Initializes 00000000

Symbol: System_Initializes
   Definitions
      At line 123 in file CMSIS\device\startup\startup_n32g003.s
   Uses
      At line 124 in file CMSIS\device\startup\startup_n32g003.s
Comment: System_Initializes used once
__main 00000000

Symbol: __main
   Definitions
      At line 122 in file CMSIS\device\startup\startup_n32g003.s
   Uses
      At line 126 in file CMSIS\device\startup\startup_n32g003.s
Comment: __main used once
2 symbols
375 symbols in table
